<?xml version="1.0" encoding="UTF-8"?>
<!-- Generated by org.testng.reporters.JUnitReportReporter -->
<testsuite skipped="0" hostname="DESKTOP-DT4830G" name="com.myproject.TestCases.TC_TestCase_001" tests="1" failures="0" timestamp="2021-12-30T21:24:15 IST" time="14.104" errors="0">
  <testcase name="loginTest" time="14.104" classname="com.myproject.TestCases.TC_TestCase_001"/>
  <system-out/>
</testsuite> <!-- com.myproject.TestCases.TC_TestCase_001 -->
