<?xml version="1.0" encoding="UTF-8"?>
<!-- Generated by org.testng.reporters.JUnitReportReporter -->
<testsuite skipped="1" hostname="DESKTOP-DT4830G" name="com.myproject.TestCases.TC_LoginTest_DDT_002" tests="1" failures="0" timestamp="2022-02-07T16:44:51 IST" time="0.000" errors="0">
  <testcase name="loginDDT" time="0.000" classname="com.myproject.TestCases.TC_LoginTest_DDT_002">
    <skipped/>
  </testcase> <!-- loginDDT -->
  <system-out/>
</testsuite> <!-- com.myproject.TestCases.TC_LoginTest_DDT_002 -->
