<?xml version="1.0" encoding="UTF-8"?>
<!-- Generated by org.testng.reporters.JUnitReportReporter -->
<testsuite skipped="0" hostname="DESKTOP-DT4830G" name="com.test1.LogOut_TestNG" tests="1" failures="0" timestamp="2021-11-30T13:59:23 IST" time="33.587" errors="0">
  <testcase name="logout_test" time="33.587" classname="com.test1.LogOut_TestNG"/>
  <system-out/>
</testsuite> <!-- com.test1.LogOut_TestNG -->
